<?xml version="1.0" encoding="UTF-8"?>
<testng-results ignored="0" total="3" passed="3" failed="0" skipped="0">
  <reporter-output>
  </reporter-output>
  <suite started-at="2022-10-09T10:41:51 BDT" name="Default suite" finished-at="2022-10-09T10:43:18 BDT" duration-ms="87488">
    <groups>
    </groups>
    <test started-at="2022-10-09T10:41:51 BDT" name="Default test" finished-at="2022-10-09T10:43:18 BDT" duration-ms="87488">
      <class name="tests.Chechoutbook">
        <test-method is-config="true" signature="start()[pri:0, instance:tests.Chechoutbook@644baf4a]" started-at="2022-10-09T10:41:48 BDT" name="start" finished-at="2022-10-09T10:41:51 BDT" duration-ms="2927" status="PASS">
          <reporter-output>
          </reporter-output>
        </test-method> <!-- start -->
        <test-method is-config="true" signature="startUrl()[pri:0, instance:tests.Chechoutbook@644baf4a]" started-at="2022-10-09T10:41:51 BDT" name="startUrl" finished-at="2022-10-09T10:42:04 BDT" duration-ms="12926" status="PASS">
          <reporter-output>
          </reporter-output>
        </test-method> <!-- startUrl -->
        <test-method signature="Homepage()[pri:0, instance:tests.Chechoutbook@644baf4a]" started-at="2022-10-09T10:42:04 BDT" name="Homepage" finished-at="2022-10-09T10:42:22 BDT" duration-ms="18544" status="PASS">
          <reporter-output>
          </reporter-output>
        </test-method> <!-- Homepage -->
        <test-method signature="AddToCart()[pri:1, instance:tests.Chechoutbook@644baf4a]" started-at="2022-10-09T10:42:22 BDT" name="AddToCart" finished-at="2022-10-09T10:42:57 BDT" duration-ms="34434" status="PASS">
          <reporter-output>
          </reporter-output>
        </test-method> <!-- AddToCart -->
        <test-method signature="Information()[pri:2, instance:tests.Chechoutbook@644baf4a]" started-at="2022-10-09T10:42:57 BDT" name="Information" finished-at="2022-10-09T10:43:18 BDT" duration-ms="21243" status="PASS">
          <reporter-output>
          </reporter-output>
        </test-method> <!-- Information -->
        <test-method is-config="true" signature="afterClass()[pri:0, instance:tests.Chechoutbook@644baf4a]" started-at="2022-10-09T10:43:18 BDT" name="afterClass" finished-at="2022-10-09T10:43:18 BDT" duration-ms="297" status="PASS">
          <reporter-output>
          </reporter-output>
        </test-method> <!-- afterClass -->
        <test-method is-config="true" signature="close()[pri:0, instance:tests.Chechoutbook@644baf4a]" started-at="2022-10-09T10:43:18 BDT" name="close" finished-at="2022-10-09T10:43:19 BDT" duration-ms="333" status="PASS">
          <reporter-output>
          </reporter-output>
        </test-method> <!-- close -->
      </class> <!-- tests.Chechoutbook -->
    </test> <!-- Default test -->
  </suite> <!-- Default suite -->
</testng-results>
