<?xml version="1.0" encoding="UTF-8"?>
<!-- Generated by org.testng.reporters.JUnitXMLReporter -->
<testsuite ignored="0" hostname="DESKTOP-VNV0BAM" failures="0" tests="3" name="Default test" time="87.488" errors="0" timestamp="2022-10-09T10:43:18 BDT">
  <testcase classname="tests.Chechoutbook" name="Homepage" time="18.544"/>
  <testcase classname="tests.Chechoutbook" name="AddToCart" time="34.434"/>
  <testcase classname="tests.Chechoutbook" name="Information" time="21.243"/>
</testsuite> <!-- Default test -->
